<?xml version="1.0" encoding="UTF-8"?>
<testsuite name="reminder.Remindertest_backup" tests="5" skipped="0" failures="0" errors="0" timestamp="2019-11-24T11:28:13" hostname="FULL557-PRO" time="0.042">
  <properties/>
  <testcase name="createReminderwithallvalidparam" classname="reminder.Remindertest_backup" time="0.031"/>
  <testcase name="createReminderNamevalueasEmptyString" classname="reminder.Remindertest_backup" time="0.0"/>
  <testcase name="createReminderNamevalueasNull" classname="reminder.Remindertest_backup" time="0.001"/>
  <testcase name="addEventToGoogleCalendar" classname="reminder.Remindertest_backup" time="0.007"/>
  <testcase name="createReminderInvalidDateparam" classname="reminder.Remindertest_backup" time="0.0"/>
  <system-out><![CDATA[1574598493249  1574594893250
1574598493265  1574594893265
1574598493266  1574594893266
1574598493267  1574594893272
1524207600000  1574594893275
]]></system-out>
  <system-err><![CDATA[]]></system-err>
</testsuite>
